IGES to UG
! INFO-     NX V11.0 / IGES Specification 5.3
! INFO-      
! INFO-     Start of Translation: 18-OCT-2018  12:27:55 PM
! INFO-      
! STATUS-   Converting Part: D:\Personal\Documents\GitHub\fudujixie\pdf图纸&三维立体图\1018542.IGS
! INFO-     SolidWorks IGES file using analytic representation for surfaces         
! SUMMARY-   
! SUMMARY-  Summary of Supported IGES Entities in file
! SUMMARY-   
! SUMMARY-  Entity Type                    Count
! SUMMARY-  -----------                    -----
! SUMMARY-  Line (110/0).................:   164
! SUMMARY-  Circular Arc (100/0).........:    76
! SUMMARY-  B-Spline Curve (126/0-4).....:   282
! SUMMARY-  Composite Curve (102/0)......:   106
! SUMMARY-  Surface of Rev (120/0).......:    26
! SUMMARY-  B-Spline Surface (128/0-9)...:    21
! SUMMARY-  Curve of Surface (142/0).....:    53
! SUMMARY-  Trimmed Surface (144/0)......:    47
! SUMMARY-  Trans Matrix (124/0,1,10,12).:    38
! SUMMARY-  Color Definition (314/0,1)...:    48
! SUMMARY-                                 -----
! SUMMARY-  Total                            861
! STATUS-    
! STATUS-   Converting to Output Form (Phase 2 of 3): 18-OCT-2018 12:27:55 PM
! STATUS-    
! STATUS-   Creating the UG part (Phase 3 of 3): 18-OCT-2018  12:27:55 PM
! INFO-     Filing Part ..: D:\Personal\Documents\GitHub\fudujixie\pdf图纸&三维立体图\1018542_igs.prt
! SUMMARY-   
! SUMMARY-  Summary of Unigraphics Input Entities
! SUMMARY-   
! SUMMARY-  Entities Processed             Count
! SUMMARY-  ------------------             -----
! SUMMARY-  Part Attribute ..............:     8
! SUMMARY-  Solid .......................:    47
! SUMMARY-                                 -----
! SUMMARY-  Total                             55
! INFO-      
! INFO-     End of Translation: 18-OCT-2018  12:28:19 PM
! INFO-      
